<?xml version="1.0" encoding="UTF-8"?>
<testng-results ignored="0" total="1" passed="1" failed="0" skipped="0">
  <reporter-output>
  </reporter-output>
  <suite started-at="2025-02-08T12:56:24 IST" name="Default suite" finished-at="2025-02-08T12:57:46 IST" duration-ms="81579">
    <groups>
    </groups>
    <test started-at="2025-02-08T12:56:24 IST" name="Default test" finished-at="2025-02-08T12:57:46 IST" duration-ms="81579">
      <class name="universitymiami.AcademicsPg">
        <test-method is-config="true" signature="setUp()[pri:0, instance:universitymiami.AcademicsPg@54c5a2ff]" started-at="2025-02-08T12:56:24 IST" name="setUp" finished-at="2025-02-08T12:57:00 IST" duration-ms="36032" status="PASS">
          <reporter-output>
          </reporter-output>
        </test-method> <!-- setUp -->
        <test-method signature="academic()[pri:0, instance:universitymiami.AcademicsPg@54c5a2ff]" started-at="2025-02-08T12:57:01 IST" name="academic" finished-at="2025-02-08T12:57:46 IST" duration-ms="45424" status="PASS">
          <reporter-output>
          </reporter-output>
        </test-method> <!-- academic -->
      </class> <!-- universitymiami.AcademicsPg -->
    </test> <!-- Default test -->
  </suite> <!-- Default suite -->
</testng-results>
