<?xml version="1.0" encoding="UTF-8"?>
<testng-results ignored="0" total="1" passed="1" failed="0" skipped="0">
  <reporter-output>
  </reporter-output>
  <suite started-at="2025-02-03T12:53:05 IST" name="Default suite" finished-at="2025-02-03T12:54:00 IST" duration-ms="54587">
    <groups>
    </groups>
    <test started-at="2025-02-03T12:53:05 IST" name="Default test" finished-at="2025-02-03T12:54:00 IST" duration-ms="54587">
      <class name="universitymiami.ClickingPg">
        <test-method is-config="true" signature="setUp()[pri:0, instance:universitymiami.ClickingPg@54c5a2ff]" started-at="2025-02-03T12:53:05 IST" name="setUp" finished-at="2025-02-03T12:53:18 IST" duration-ms="13033" status="PASS">
          <reporter-output>
          </reporter-output>
        </test-method> <!-- setUp -->
        <test-method signature="clicking()[pri:0, instance:universitymiami.ClickingPg@54c5a2ff]" started-at="2025-02-03T12:53:18 IST" name="clicking" finished-at="2025-02-03T12:54:00 IST" duration-ms="41454" status="PASS">
          <reporter-output>
          </reporter-output>
        </test-method> <!-- clicking -->
      </class> <!-- universitymiami.ClickingPg -->
    </test> <!-- Default test -->
  </suite> <!-- Default suite -->
</testng-results>
